<?xml version="1.0" encoding="UTF-8"?>
<testng-results ignored="0" total="2" passed="2" failed="0" skipped="0">
  <reporter-output>
  </reporter-output>
  <suite started-at="2023-11-04T12:22:55 IST" name="Suite" finished-at="2023-11-04T12:23:59 IST" duration-ms="63423">
    <groups>
    </groups>
    <test started-at="2023-11-04T12:22:55 IST" name="Test" finished-at="2023-11-04T12:23:59 IST" duration-ms="63423">
      <class name="AddToCart.DWS_AddToCampareList_05_Test">
        <test-method is-config="true" signature="launchingBrowserAndNavigateToApp()[pri:0, instance:AddToCart.DWS_AddToCampareList_05_Test@231f98ef]" started-at="2023-11-04T12:22:56 IST" name="launchingBrowserAndNavigateToApp" finished-at="2023-11-04T12:23:04 IST" duration-ms="8434" status="PASS">
          <reporter-output>
          </reporter-output>
        </test-method> <!-- launchingBrowserAndNavigateToApp -->
        <test-method is-config="true" signature="loginToApplication()[pri:0, instance:AddToCart.DWS_AddToCampareList_05_Test@231f98ef]" started-at="2023-11-04T12:23:04 IST" name="loginToApplication" finished-at="2023-11-04T12:23:04 IST" duration-ms="0" status="PASS">
          <reporter-output>
          </reporter-output>
        </test-method> <!-- loginToApplication -->
        <test-method signature="Add_ToCampareList_Computors()[pri:0, instance:AddToCart.DWS_AddToCampareList_05_Test@231f98ef]" started-at="2023-11-04T12:23:04 IST" name="Add_ToCampareList_Computors" finished-at="2023-11-04T12:23:29 IST" duration-ms="25310" status="PASS">
          <reporter-output>
          </reporter-output>
        </test-method> <!-- Add_ToCampareList_Computors -->
        <test-method is-config="true" signature="teardownTheBrowser()[pri:0, instance:AddToCart.DWS_AddToCampareList_05_Test@231f98ef]" started-at="2023-11-04T12:23:29 IST" name="teardownTheBrowser" finished-at="2023-11-04T12:23:30 IST" duration-ms="428" status="PASS">
          <reporter-output>
          </reporter-output>
        </test-method> <!-- teardownTheBrowser -->
        <test-method is-config="true" signature="logOutFromApplication()[pri:0, instance:AddToCart.DWS_AddToCampareList_05_Test@231f98ef]" started-at="2023-11-04T12:23:29 IST" name="logOutFromApplication" finished-at="2023-11-04T12:23:29 IST" duration-ms="0" status="PASS">
          <reporter-output>
          </reporter-output>
        </test-method> <!-- logOutFromApplication -->
      </class> <!-- AddToCart.DWS_AddToCampareList_05_Test -->
      <class name="AddToCart.DWS_RemoveToCompareList_06Test">
        <test-method is-config="true" signature="launchingBrowserAndNavigateToApp()[pri:0, instance:AddToCart.DWS_RemoveToCompareList_06Test@8462f31]" started-at="2023-11-04T12:23:30 IST" name="launchingBrowserAndNavigateToApp" finished-at="2023-11-04T12:23:37 IST" duration-ms="7444" status="PASS">
          <reporter-output>
          </reporter-output>
        </test-method> <!-- launchingBrowserAndNavigateToApp -->
        <test-method signature="Add_ToCampareList_Computors()[pri:0, instance:AddToCart.DWS_RemoveToCompareList_06Test@8462f31]" started-at="2023-11-04T12:23:37 IST" name="Add_ToCampareList_Computors" finished-at="2023-11-04T12:23:58 IST" duration-ms="20957" status="PASS">
          <reporter-output>
          </reporter-output>
        </test-method> <!-- Add_ToCampareList_Computors -->
        <test-method is-config="true" signature="loginToApplication()[pri:0, instance:AddToCart.DWS_RemoveToCompareList_06Test@8462f31]" started-at="2023-11-04T12:23:37 IST" name="loginToApplication" finished-at="2023-11-04T12:23:37 IST" duration-ms="0" status="PASS">
          <reporter-output>
          </reporter-output>
        </test-method> <!-- loginToApplication -->
        <test-method is-config="true" signature="logOutFromApplication()[pri:0, instance:AddToCart.DWS_RemoveToCompareList_06Test@8462f31]" started-at="2023-11-04T12:23:58 IST" name="logOutFromApplication" finished-at="2023-11-04T12:23:58 IST" duration-ms="16" status="PASS">
          <reporter-output>
          </reporter-output>
        </test-method> <!-- logOutFromApplication -->
        <test-method is-config="true" signature="teardownTheBrowser()[pri:0, instance:AddToCart.DWS_RemoveToCompareList_06Test@8462f31]" started-at="2023-11-04T12:23:58 IST" name="teardownTheBrowser" finished-at="2023-11-04T12:23:59 IST" duration-ms="417" status="PASS">
          <reporter-output>
          </reporter-output>
        </test-method> <!-- teardownTheBrowser -->
      </class> <!-- AddToCart.DWS_RemoveToCompareList_06Test -->
    </test> <!-- Test -->
  </suite> <!-- Suite -->
</testng-results>
