<?xml version="1.0" encoding="UTF-8"?>
<!-- Generated by org.testng.reporters.JUnitXMLReporter -->
<testsuite ignored="2" hostname="LAPTOP-1IUE2TDC" failures="2" tests="2" name="Test" time="3.544" errors="0" timestamp="2023-11-04T12:28:19 IST">
  <testcase classname="GenericUtility.BaseClass" name="@AfterClass teardownTheBrowser" time="0.001">
    <failure type="java.lang.NullPointerException" message="Cannot invoke &amp;quot;org.openqa.selenium.WebDriver.quit()&amp;quot; because &amp;quot;GenericUtility.BaseClass.driver&amp;quot; is null">
      <![CDATA[java.lang.NullPointerException: Cannot invoke "org.openqa.selenium.WebDriver.quit()" because "GenericUtility.BaseClass.driver" is null
at GenericUtility.BaseClass.teardownTheBrowser(BaseClass.java:96)
at java.base/java.util.ArrayList.forEach(ArrayList.java:1511)
... Removed 26 stack frames]]>
    </failure>
  </testcase> <!-- @AfterClass teardownTheBrowser -->
  <testcase classname="AddToCart.DWS_AddToCart_03_OR_04" name="AddToCart_ProductWith_homePage" time="3.033">
    <failure type="java.lang.NullPointerException" message="Cannot invoke &amp;quot;ObjectRepostiory.AddToCart.getProductLink()&amp;quot; because &amp;quot;AddToCart.DWS_AddToCart_03_OR_04.addToCart&amp;quot; is null">
      <![CDATA[java.lang.NullPointerException: Cannot invoke "ObjectRepostiory.AddToCart.getProductLink()" because "AddToCart.DWS_AddToCart_03_OR_04.addToCart" is null
at AddToCart.DWS_AddToCart_03_OR_04.AddToCart_ProductWith_homePage(DWS_AddToCart_03_OR_04.java:18)
at java.base/java.util.ArrayList.forEach(ArrayList.java:1511)
... Removed 27 stack frames]]>
    </failure>
  </testcase> <!-- AddToCart_ProductWith_homePage -->
  <testcase classname="AddToCart.DWS_AddToCart_03_OR_04" name="AddToCart_ProductWith_homePage" time="3.113">
    <failure type="java.lang.NullPointerException" message="Cannot invoke &amp;quot;GenericUtility.TakesScreenShotUtility.capturingScreenshot(String)&amp;quot; because &amp;quot;GenericUtility.ITestListenerUtility.screenshot&amp;quot; is null">
      <![CDATA[java.lang.NullPointerException: Cannot invoke "GenericUtility.TakesScreenShotUtility.capturingScreenshot(String)" because "GenericUtility.ITestListenerUtility.screenshot" is null
at GenericUtility.ITestListenerUtility.onTestFailure(ITestListenerUtility.java:38)
at java.base/java.util.ArrayList.forEach(ArrayList.java:1511)
... Removed 24 stack frames]]>
    </failure>
  </testcase> <!-- AddToCart_ProductWith_homePage -->
  <testcase classname="AddToCart.DWS_AddToCart_03_OR_04" name="Add_Books_InToCart_" time="0.0">
    <ignored/>
  </testcase> <!-- Add_Books_InToCart_ -->
  <testcase classname="AddToCart.DWS_AddToCampareList_05_Test" name="Add_ToCampareList_Computors" time="0.0">
    <ignored/>
  </testcase> <!-- Add_ToCampareList_Computors -->
</testsuite> <!-- Test -->
